[debug] [2022-12-24T11:13:27.455Z] ----------------------------------------------------------------------
[debug] [2022-12-24T11:13:27.457Z] Command:       C:\Program Files\nodejs\node.exe C:\Users\SHRIRAM\AppData\Roaming\npm\node_modules\firebase-tools\lib\bin\firebase.js init
[debug] [2022-12-24T11:13:27.457Z] CLI Version:   11.19.0
[debug] [2022-12-24T11:13:27.457Z] Platform:      win32
[debug] [2022-12-24T11:13:27.457Z] Node Version:  v16.17.1
[debug] [2022-12-24T11:13:27.458Z] Time:          Sat Dec 24 2022 16:43:27 GMT+0530 (India Standard Time)
[debug] [2022-12-24T11:13:27.458Z] ----------------------------------------------------------------------
[debug] 
[debug] [2022-12-24T11:13:27.464Z] > command requires scopes: ["email","openid","https://www.googleapis.com/auth/cloudplatformprojects.readonly","https://www.googleapis.com/auth/firebase","https://www.googleapis.com/auth/cloud-platform"]
[debug] [2022-12-24T11:13:27.465Z] > authorizing via signed-in user (rshriramrsr1232003@gmail.com)
[info] 
     ######## #### ########  ######## ########     ###     ######  ########
     ##        ##  ##     ## ##       ##     ##  ##   ##  ##       ##
     ######    ##  ########  ######   ########  #########  ######  ######
     ##        ##  ##    ##  ##       ##     ## ##     ##       ## ##
     ##       #### ##     ## ######## ########  ##     ##  ######  ########

You're about to initialize a Firebase project in this directory:

  D:\WebDev\foss-web2\frontend

[info] 
=== Project Setup
[info] 
[info] First, let's associate this project directory with a Firebase project.
[info] You can create multiple project aliases by running firebase use --add, 
[info] but for now we'll just set up a default project.
[info] 
[debug] [2022-12-24T11:14:56.330Z] >>> [apiv2][query] GET https://firebase.googleapis.com/v1beta1/projects pageSize=100
[debug] [2022-12-24T11:14:57.453Z] <<< [apiv2][status] GET https://firebase.googleapis.com/v1beta1/projects 200
[debug] [2022-12-24T11:14:57.453Z] <<< [apiv2][body] GET https://firebase.googleapis.com/v1beta1/projects [omitted]
[info] i  Using project fir-1-a1e4a (demo-1) 
[info] 
=== Hosting Setup
[info] 
[info] Your public directory is the folder (relative to your project directory) that
[info] will contain Hosting assets to be uploaded with firebase deploy. If you
[info] have a build process for your assets, use your build's output directory.
[info] 
[debug] [2022-12-24T11:15:49.981Z] >>> [apiv2][query] GET https://www.gstatic.com/firebasejs/releases.json [none]
[debug] [2022-12-24T11:15:50.697Z] <<< [apiv2][status] GET https://www.gstatic.com/firebasejs/releases.json 200
[debug] [2022-12-24T11:15:50.698Z] <<< [apiv2][body] GET https://www.gstatic.com/firebasejs/releases.json {"current":{"version":"9.15.0","browserURL":"https://www.gstatic.com/firebasejs/9.15.0/firebase.js","packageURL":"https://www.gstatic.com/firebasejs/9.15.0/firebase.tgz"},"live":{"version":"9.15","browserURL":"https://www.gstatic.com/firebasejs/live/9.15/firebase.js","packageURL":"https://www.gstatic.com/firebasejs/live/9.15/firebase.tgz"},"components":{"analytics":"https://www.gstatic.com/firebasejs/9.15.0/firebase-analytics.js","app":"https://www.gstatic.com/firebasejs/9.15.0/firebase-app.js","app-check":"https://www.gstatic.com/firebasejs/9.15.0/firebase-app-check.js","auth":"https://www.gstatic.com/firebasejs/9.15.0/firebase-auth.js","auth/cordova":"https://www.gstatic.com/firebasejs/9.15.0/firebase-auth/cordova.js","auth/react-native":"https://www.gstatic.com/firebasejs/9.15.0/firebase-auth/react-native.js","functions":"https://www.gstatic.com/firebasejs/9.15.0/firebase-functions.js","firestore":"https://www.gstatic.com/firebasejs/9.15.0/firebase-firestore.js","firestore/lite":"https://www.gstatic.com/firebasejs/9.15.0/firebase-firestore/lite.js","installations":"https://www.gstatic.com/firebasejs/9.15.0/firebase-installations.js","storage":"https://www.gstatic.com/firebasejs/9.15.0/firebase-storage.js","performance":"https://www.gstatic.com/firebasejs/9.15.0/firebase-performance.js","remote-config":"https://www.gstatic.com/firebasejs/9.15.0/firebase-remote-config.js","messaging":"https://www.gstatic.com/firebasejs/9.15.0/firebase-messaging.js","messaging/sw":"https://www.gstatic.com/firebasejs/9.15.0/firebase-messaging/sw.js","database":"https://www.gstatic.com/firebasejs/9.15.0/firebase-database.js","firestore.memory":"https://www.gstatic.com/firebasejs/9.15.0/firebase-firestore.memory.js"}}
